<?xml version="1.0" encoding="UTF-8"?>
<!-- Generated by org.testng.reporters.JUnitReportReporter -->
<testsuite skipped="0" hostname="arka2-PC" name="com.ActiTimeMaven.Scripts.TestLogInPage" tests="1" failures="0" timestamp="09 Feb 2021 08:34:00 GMT" time="14.428" errors="0">
  <testcase name="ValidLogInPage" time="14.428" classname="com.ActiTimeMaven.Scripts.TestLogInPage"/>
</testsuite> <!-- com.ActiTimeMaven.Scripts.TestLogInPage -->
