<?xml version="1.0" encoding="UTF-8"?>
<!-- Generated by org.testng.reporters.JUnitReportReporter -->
<testsuite hostname="arka2-PC" name="scripts.TestLogInPage" tests="1" failures="0" timestamp="9 Feb 2021 06:43:18 GMT" time="28.458" errors="0">
  <testcase name="ValidLogInPage" time="28.458" classname="scripts.TestLogInPage"/>
</testsuite> <!-- scripts.TestLogInPage -->
